2011-02-09 22:34:04  x     _bzr_getFromitsHome.bat                  ::           . 42  0697895440 
2011-02-09 22:34:04  x     _bzr_removeToitsHome.bat                 ::           . 43  2108713787 
2016-08-23 21:33:02  x     _filelist.lst                            ::           .  0  0000000000 

2016-08-23 21:33:02 Dx     === org/ ===============================================================

2016-08-23 21:33:02 Dx     === org/vishia/ =========================================================

2016-08-23 21:33:02 Dx     === org/vishia/mainCmd/ =================================================
2011-02-20 19:57:14  x     FileWrite.java                           ::          2.158  0161568301 
2011-02-20 19:57:14  x     MainCmd.java                             ::         35.712 -0053897563 
2011-02-20 19:57:14  x     MainCmd_ifc.java                         ::          4.565 -0161861686 
2011-02-20 19:57:14  x     Report.java                              ::         11.209  1887783501 

2016-08-23 21:33:02 Dx     === org/vishia/util/ ====================================================
2011-02-20 19:57:14  x     FileSystem.java                          ::          8.668 -0176783410 
2011-02-20 19:57:14  x     SortedTree.java                          ::          3.403 -0435651730 
2011-02-20 19:57:14  x     SortedTreeNode.java                      ::          4.292  1975972653 
2011-02-20 19:57:14  x     SpecialCharStrings.java                  ::          5.303 -1578464297 
2011-02-20 19:57:14  x     StringPart.java                          ::         84.237 -0815002535 
2011-02-20 19:55:50  x     StringPartFromFile.java                  ::          2.636 -1744913235 
2011-02-20 19:55:50  x     StringPartFromFileLines.java             ::          6.185 -2121054024 

2016-08-23 21:33:02 Dx     === org/vishia/xmlSimple/ ===============================================
2011-02-20 19:57:14  x     SimpleXmlOutputter.java                  ::          4.643  1002868893 
2011-02-20 19:55:50  x     XmlException.java                        ::          1.704 -0614396030 
2011-02-20 19:57:14  x     XmlNode.java                             ::          2.934  1095477980 

2016-08-23 21:33:02 Dx     === org/vishia/zbnf/ ====================================================
2011-02-20 19:55:50  x     Zbnf2Xml.java                            ::         14.249  0395529791 
2011-02-20 19:57:14  x     ZbnfJavaOutput.java                      ::         12.858 -0313673923 
2011-02-20 19:57:14  x     ZbnfParseResultItem.java                 ::         11.755 -2072574286 
2011-02-20 19:57:14  x     ZbnfParser.java                          ::        112.111 -0014119945 
2011-02-20 19:57:14  x     ZbnfParserStore.java                     ::         28.927 -0977557603 
2011-02-20 19:57:14  x     ZbnfSyntaxPrescript.java                 ::         62.276 -0008578216 
2011-02-20 19:55:50  x     ZbnfXmlOutput.java                       ::         11.738 -0225324955 
